<?xml version="1.0" encoding="UTF-8"?>
<testsuite name="TestSuite" time="96.779" tests="2" errors="0" skipped="0" failures="1">
  <properties>
[...]
</properties>
  <testcase name="loginDDT" classname="inetbanking_testcases.LoginDDT_002" time="96.779"/>
  <testcase name="loginDDT" classname="inetbanking_testcases.LoginDDT_002" time="26.448">
    <failure type="java.lang.AssertionError:">java.lang.AssertionError: null
	at org.junit.Assert.fail(Assert.java:86)
	at org.junit.Assert.assertTrue(Assert.java:41)
	at org.junit.Assert.assertTrue(Assert.java:52)
	at inetbanking_testcases.LoginDDT_002.loginDDT(LoginDDT_002.java:60)
</failure>
    <system-out><![CDATA[ INFO [main] (LoginDDT_002.java:31)- user name is provided
 INFO [main] (LoginDDT_002.java:33)- Password is provided
User is not valid
Screenshot taken
]]></system-out>
  </testcase>
</testsuite>